<?xml version="1.0" encoding="UTF-8"?>
<testsuite name="MainTest" tests="3" skipped="0" failures="0" errors="0" timestamp="2021-03-11T12:07:21" hostname="MacBook-AT.local" time="0.052">
  <properties/>
  <testcase name="testGetRandomValueList_maxValue_success()" classname="MainTest" time="0.034"/>
  <testcase name="testGetRandomValueList_listSize_success()" classname="MainTest" time="0.01"/>
  <testcase name="testGetRandomValueListFilteredByValue_success()" classname="MainTest" time="0.007"/>
  <system-out><![CDATA[]]></system-out>
  <system-err><![CDATA[]]></system-err>
</testsuite>
